TeamCode/build 2/intermediates/manifest_merge_blame_file/debug/manifest-merger-blame-debug-report.txt
1<?xml version="1.0" encoding="utf-8"?>
2<!--
3 Note: the actual manifest file used in your APK merges this file with contributions
4     from the modules on which your app depends (such as FtcRobotController, etc).
5     So it won't ultimately be as empty as it might here appear to be :-)
6-->
7<!-- The package name here determines the package for your R class and your BuildConfig class -->
8<manifest xmlns:android="http://schemas.android.com/apk/res/android"
9    package="com.qualcomm.ftcrobotcontroller"
10    android:versionCode="47"
11    android:versionName="8.0" >
12
13    <uses-sdk
14        android:minSdkVersion="23"
14-->src/main/AndroidManifest.xml
15        android:targetSdkVersion="28" />
15-->src/main/AndroidManifest.xml
16
17    <uses-permission android:name="android.permission.RECEIVE_BOOT_COMPLETED" />
17-->[:FtcRobotController] AndroidManifest.xml:12:5-81
17-->[:FtcRobotController] AndroidManifest.xml:12:22-78
18    <uses-permission
18-->[org.firstinspires.ftc:Blocks:8.0.0] AndroidManifest.xml:11:5-13:35
19        android:name="android.permission.WRITE_EXTERNAL_STORAGE"
19-->[org.firstinspires.ftc:Blocks:8.0.0] AndroidManifest.xml:12:9-65
20        android:required="true" />
20-->[org.firstinspires.ftc:Blocks:8.0.0] AndroidManifest.xml:13:9-32
21    <uses-permission
21-->[org.firstinspires.ftc:Blocks:8.0.0] AndroidManifest.xml:14:5-16:35
22        android:name="android.permission.READ_EXTERNAL_STORAGE"
22-->[org.firstinspires.ftc:Blocks:8.0.0] AndroidManifest.xml:15:9-64
23        android:required="true" />
23-->[org.firstinspires.ftc:Blocks:8.0.0] AndroidManifest.xml:16:9-32
24    <uses-permission
24-->[org.firstinspires.ftc:FtcCommon:8.0.0] AndroidManifest.xml:12:5-76
25        android:name="android.permission.ACCESS_WIFI_STATE"
25-->[org.firstinspires.ftc:FtcCommon:8.0.0] AndroidManifest.xml:12:22-73
26        android:required="true" />
26-->[org.firstinspires.ftc:RobotCore:8.0.0] AndroidManifest.xml:13:9-32
27    <uses-permission
27-->[org.firstinspires.ftc:FtcCommon:8.0.0] AndroidManifest.xml:19:5-21:35
28        android:name="android.permission.WRITE_SETTINGS"
28-->[org.firstinspires.ftc:FtcCommon:8.0.0] AndroidManifest.xml:20:9-57
29        android:required="true" />
29-->[org.firstinspires.ftc:FtcCommon:8.0.0] AndroidManifest.xml:21:9-32
30    <uses-permission android:name="android.permission.BLUETOOTH_ADMIN" />
30-->[org.firstinspires.ftc:Inspection:8.0.0] AndroidManifest.xml:12:5-74
30-->[org.firstinspires.ftc:Inspection:8.0.0] AndroidManifest.xml:12:22-71
31    <uses-permission
31-->[org.firstinspires.ftc:Inspection:8.0.0] AndroidManifest.xml:13:5-76
32        android:name="android.permission.CHANGE_WIFI_STATE"
32-->[org.firstinspires.ftc:Inspection:8.0.0] AndroidManifest.xml:13:22-73
33        android:required="true" />
33-->[org.firstinspires.ftc:RobotCore:8.0.0] AndroidManifest.xml:16:9-32
34    <uses-permission
34-->[org.firstinspires.ftc:Inspection:8.0.0] AndroidManifest.xml:14:5-79
35        android:name="android.permission.CHANGE_NETWORK_STATE"
35-->[org.firstinspires.ftc:Inspection:8.0.0] AndroidManifest.xml:14:22-76
36        android:required="true" />
36-->[org.firstinspires.ftc:RobotCore:8.0.0] AndroidManifest.xml:22:9-32
37    <uses-permission
37-->[org.firstinspires.ftc:Inspection:8.0.0] AndroidManifest.xml:15:5-67
38        android:name="android.permission.INTERNET"
38-->[org.firstinspires.ftc:Inspection:8.0.0] AndroidManifest.xml:15:22-64
39        android:required="true" />
39-->[org.firstinspires.ftc:RobotCore:8.0.0] AndroidManifest.xml:25:9-32
40    <uses-permission
40-->[org.firstinspires.ftc:Inspection:8.0.0] AndroidManifest.xml:16:5-79
41        android:name="android.permission.ACCESS_NETWORK_STATE"
41-->[org.firstinspires.ftc:Inspection:8.0.0] AndroidManifest.xml:16:22-76
42        android:required="true" />
42-->[org.firstinspires.ftc:RobotCore:8.0.0] AndroidManifest.xml:19:9-32
43    <uses-permission android:name="android.permission.BLUETOOTH" /> <!-- see AppUtil.setTimeZone() -->
43-->[org.firstinspires.ftc:Inspection:8.0.0] AndroidManifest.xml:17:5-68
43-->[org.firstinspires.ftc:Inspection:8.0.0] AndroidManifest.xml:17:22-65
44    <uses-permission
44-->[org.firstinspires.ftc:RobotCore:8.0.0] AndroidManifest.xml:42:5-44:35
45        android:name="android.permission.SET_TIME_ZONE"
45-->[org.firstinspires.ftc:RobotCore:8.0.0] AndroidManifest.xml:43:9-56
46        android:required="true" />
46-->[org.firstinspires.ftc:RobotCore:8.0.0] AndroidManifest.xml:44:9-32
47    <!--
48  Note: we suspect that this (android.permission.WAKE_LOCK) is no
49  longer needed, but haven't yet found the time necessary to verify
50  that assertion before removing it
51    -->
52    <uses-permission
52-->[org.firstinspires.ftc:RobotCore:8.0.0] AndroidManifest.xml:51:5-53:35
53        android:name="android.permission.WAKE_LOCK"
53-->[org.firstinspires.ftc:RobotCore:8.0.0] AndroidManifest.xml:52:9-52
54        android:required="true" />
54-->[org.firstinspires.ftc:RobotCore:8.0.0] AndroidManifest.xml:53:9-32
55    <uses-permission android:name="android.permission.CAMERA" />
55-->[org.firstinspires.ftc:RobotCore:8.0.0] AndroidManifest.xml:54:5-65
55-->[org.firstinspires.ftc:RobotCore:8.0.0] AndroidManifest.xml:54:22-62
56    <uses-permission
56-->[org.firstinspires.ftc:RobotCore:8.0.0] AndroidManifest.xml:55:5-57:35
57        android:name="android.permission.ACCESS_COARSE_LOCATION"
57-->[org.firstinspires.ftc:RobotCore:8.0.0] AndroidManifest.xml:56:9-65
58        android:required="true" />
58-->[org.firstinspires.ftc:RobotCore:8.0.0] AndroidManifest.xml:57:9-32
59    <uses-permission
59-->[org.firstinspires.ftc:RobotCore:8.0.0] AndroidManifest.xml:58:5-60:35
60        android:name="android.permission.ACCESS_FINE_LOCATION"
60-->[org.firstinspires.ftc:RobotCore:8.0.0] AndroidManifest.xml:59:9-63
61        android:required="true" />
61-->[org.firstinspires.ftc:RobotCore:8.0.0] AndroidManifest.xml:60:9-32
62    <uses-permission
62-->[org.firstinspires.ftc:RobotCore:8.0.0] AndroidManifest.xml:61:5-63:35
63        android:name="android.permission.READ_PHONE_STATE"
63-->[org.firstinspires.ftc:RobotCore:8.0.0] AndroidManifest.xml:62:9-59
64        android:required="true" />
64-->[org.firstinspires.ftc:RobotCore:8.0.0] AndroidManifest.xml:63:9-32
65    <uses-permission
65-->[org.firstinspires.ftc:RobotCore:8.0.0] AndroidManifest.xml:66:5-68:35
66        android:name="com.revrobotics.permission.UPDATE_CONTROL_HUB"
66-->[org.firstinspires.ftc:RobotCore:8.0.0] AndroidManifest.xml:67:9-69
67        android:required="true" />
67-->[org.firstinspires.ftc:RobotCore:8.0.0] AndroidManifest.xml:68:9-32
68
69    <uses-feature android:name="android.hardware.usb.accessory" />
69-->[org.firstinspires.ftc:RobotCore:8.0.0] AndroidManifest.xml:70:5-67
69-->[org.firstinspires.ftc:RobotCore:8.0.0] AndroidManifest.xml:70:19-64
70    <uses-feature android:glEsVersion="0x00020000" />
70-->[org.firstinspires.ftc:RobotCore:8.0.0] AndroidManifest.xml:71:5-54
70-->[org.firstinspires.ftc:RobotCore:8.0.0] AndroidManifest.xml:71:19-51
71    <!--
72        NOTE: Any application that requests the CAMERA permission but does not
73        declare any camera features with the <uses-feature> element will be
74        assumed to use all camera features (auto-focus and flash). Thus, the
75        application will not be compatible with devices that do not support
76        all camera features. We use <uses-feature> to declare only the
77        camera features that our application does need. For instance, if you
78        request the CAMERA permission, but you do not need auto-focus or
79        flash, then declare only the android.hardware.camera feature. The
80        other camera features that you do not request will no longer be
81        assumed as required.
82    -->
83    <uses-feature android:name="android.hardware.camera" />
83-->[org.firstinspires.ftc:RobotCore:8.0.0] AndroidManifest.xml:85:5-60
83-->[org.firstinspires.ftc:RobotCore:8.0.0] AndroidManifest.xml:85:19-57
84    <uses-feature
84-->[com.journeyapps:zxing-android-embedded:4.3.0] AndroidManifest.xml:28:5-30:36
85        android:name="android.hardware.camera.front"
85-->[com.journeyapps:zxing-android-embedded:4.3.0] AndroidManifest.xml:29:9-53
86        android:required="false" /> <!-- TODO replace above two with next line after Android 4.2 -->
86-->[com.journeyapps:zxing-android-embedded:4.3.0] AndroidManifest.xml:30:9-33
87    <!-- <uses-feature android:name="android.hardware.camera.any"/> -->
88    <uses-feature
88-->[com.journeyapps:zxing-android-embedded:4.3.0] AndroidManifest.xml:33:5-35:36
89        android:name="android.hardware.camera.autofocus"
89-->[com.journeyapps:zxing-android-embedded:4.3.0] AndroidManifest.xml:34:9-57
90        android:required="false" />
90-->[com.journeyapps:zxing-android-embedded:4.3.0] AndroidManifest.xml:35:9-33
91    <uses-feature
91-->[com.journeyapps:zxing-android-embedded:4.3.0] AndroidManifest.xml:36:5-38:36
92        android:name="android.hardware.camera.flash"
92-->[com.journeyapps:zxing-android-embedded:4.3.0] AndroidManifest.xml:37:9-53
93        android:required="false" />
93-->[com.journeyapps:zxing-android-embedded:4.3.0] AndroidManifest.xml:38:9-33
94    <uses-feature
94-->[com.journeyapps:zxing-android-embedded:4.3.0] AndroidManifest.xml:39:5-41:36
95        android:name="android.hardware.screen.landscape"
95-->[com.journeyapps:zxing-android-embedded:4.3.0] AndroidManifest.xml:40:9-57
96        android:required="false" />
96-->[com.journeyapps:zxing-android-embedded:4.3.0] AndroidManifest.xml:41:9-33
97    <uses-feature
97-->[com.journeyapps:zxing-android-embedded:4.3.0] AndroidManifest.xml:42:5-44:36
98        android:name="android.hardware.wifi"
98-->[com.journeyapps:zxing-android-embedded:4.3.0] AndroidManifest.xml:43:9-45
99        android:required="false" />
99-->[com.journeyapps:zxing-android-embedded:4.3.0] AndroidManifest.xml:44:9-33
100
101    <application
101-->src/main/AndroidManifest.xml:10:5-19
102        android:name="org.firstinspires.ftc.robotcore.internal.system.RobotApplication"
102-->[org.firstinspires.ftc:RobotCore:8.0.0] AndroidManifest.xml:87:18-97
103        android:allowBackup="true"
103-->[:FtcRobotController] AndroidManifest.xml:15:9-35
104        android:appComponentFactory="androidx.core.app.CoreComponentFactory"
104-->[androidx.core:core:1.5.0] AndroidManifest.xml:24:18-86
105        android:debuggable="true"
106        android:extractNativeLibs="false"
107        android:icon="@drawable/ic_launcher"
107-->[:FtcRobotController] AndroidManifest.xml:16:9-45
108        android:label="@string/app_name"
108-->[:FtcRobotController] AndroidManifest.xml:17:9-41
109        android:largeHeap="true"
109-->[:FtcRobotController] AndroidManifest.xml:18:9-33
110        android:testOnly="true"
111        android:theme="@style/AppThemeRedRC"
111-->[:FtcRobotController] AndroidManifest.xml:19:9-45
112        android:usesCleartextTraffic="true" > <!-- Indicates to the ControlHubUpdater what the latest version of the Control Hub is that this app supports -->
112-->[:FtcRobotController] AndroidManifest.xml:20:9-44
113        <meta-data
113-->[:FtcRobotController] AndroidManifest.xml:23:9-25:33
114            android:name="org.firstinspires.latestSupportedControlHubVersion"
114-->[:FtcRobotController] AndroidManifest.xml:24:13-78
115            android:value="1" /> <!-- The main robot controller activity -->
115-->[:FtcRobotController] AndroidManifest.xml:25:13-30
116        <activity
116-->[:FtcRobotController] AndroidManifest.xml:28:9-40:20
117            android:name="org.firstinspires.ftc.robotcontroller.internal.PermissionValidatorWrapper"
117-->[:FtcRobotController] AndroidManifest.xml:29:13-101
118            android:configChanges="orientation|screenSize"
118-->[:FtcRobotController] AndroidManifest.xml:30:13-59
119            android:exported="true"
119-->[:FtcRobotController] AndroidManifest.xml:31:13-36
120            android:label="@string/app_name"
120-->[:FtcRobotController] AndroidManifest.xml:32:13-45
121            android:launchMode="singleTask"
121-->[:FtcRobotController] AndroidManifest.xml:33:13-44
122            android:screenOrientation="fullUser" >
122-->[:FtcRobotController] AndroidManifest.xml:34:13-49
123            <intent-filter>
123-->[:FtcRobotController] AndroidManifest.xml:35:13-39:29
124                <category android:name="android.intent.category.LAUNCHER" />
124-->[:FtcRobotController] AndroidManifest.xml:36:17-77
124-->[:FtcRobotController] AndroidManifest.xml:36:27-74
125
126                <action android:name="android.intent.action.MAIN" />
126-->[:FtcRobotController] AndroidManifest.xml:38:17-69
126-->[:FtcRobotController] AndroidManifest.xml:38:25-66
127            </intent-filter>
128        </activity>
129        <activity
129-->[:FtcRobotController] AndroidManifest.xml:41:9-60:20
130            android:name="org.firstinspires.ftc.robotcontroller.internal.FtcRobotControllerActivity"
130-->[:FtcRobotController] AndroidManifest.xml:42:13-101
131            android:configChanges="orientation|screenSize"
131-->[:FtcRobotController] AndroidManifest.xml:43:13-59
132            android:exported="true"
132-->[:FtcRobotController] AndroidManifest.xml:44:13-36
133            android:label="@string/app_name"
133-->[:FtcRobotController] AndroidManifest.xml:45:13-45
134            android:launchMode="singleTask"
134-->[:FtcRobotController] AndroidManifest.xml:46:13-44
135            android:screenOrientation="fullUser" >
135-->[:FtcRobotController] AndroidManifest.xml:47:13-49
136            <intent-filter>
136-->[:FtcRobotController] AndroidManifest.xml:48:13-50:29
137                <action android:name="android.hardware.usb.action.USB_DEVICE_ATTACHED" />
137-->[:FtcRobotController] AndroidManifest.xml:49:17-90
137-->[:FtcRobotController] AndroidManifest.xml:49:25-87
138            </intent-filter>
139
140            <meta-data
140-->[:FtcRobotController] AndroidManifest.xml:52:13-54:57
141                android:name="android.hardware.usb.action.USB_DEVICE_ATTACHED"
141-->[:FtcRobotController] AndroidManifest.xml:53:17-79
142                android:resource="@xml/device_filter" />
142-->[:FtcRobotController] AndroidManifest.xml:54:17-54
143
144            <!-- org.firstinspires.main.entry indicates that this app is compatible with the Dragonboard Control Hub -->
145            <meta-data
145-->[:FtcRobotController] AndroidManifest.xml:57:13-59:40
146                android:name="org.firstinspires.main.entry"
146-->[:FtcRobotController] AndroidManifest.xml:58:17-60
147                android:value="true" />
147-->[:FtcRobotController] AndroidManifest.xml:59:17-37
148        </activity> <!-- The robot controller service in which most of the robot functionality is managed -->
149        <service
149-->[:FtcRobotController] AndroidManifest.xml:63:9-65:38
150            android:name="com.qualcomm.ftccommon.FtcRobotControllerService"
150-->[:FtcRobotController] AndroidManifest.xml:64:13-76
151            android:enabled="true" /> <!-- Assistant that autostarts the robot controller on android boot (if it's supposed to) -->
151-->[:FtcRobotController] AndroidManifest.xml:65:13-35
152        <receiver
152-->[:FtcRobotController] AndroidManifest.xml:68:9-79:20
153            android:name="org.firstinspires.ftc.ftccommon.internal.RunOnBoot"
153-->[:FtcRobotController] AndroidManifest.xml:69:13-78
154            android:enabled="true"
154-->[:FtcRobotController] AndroidManifest.xml:70:13-35
155            android:exported="true"
155-->[:FtcRobotController] AndroidManifest.xml:71:13-36
156            android:permission="android.permission.RECEIVE_BOOT_COMPLETED" >
156-->[:FtcRobotController] AndroidManifest.xml:72:13-75
157            <intent-filter>
157-->[:FtcRobotController] AndroidManifest.xml:73:13-78:29
158                <category android:name="android.intent.category.DEFAULT" />
158-->[:FtcRobotController] AndroidManifest.xml:74:17-76
158-->[:FtcRobotController] AndroidManifest.xml:74:27-73
159
160                <action android:name="android.intent.action.BOOT_COMPLETED" />
160-->[:FtcRobotController] AndroidManifest.xml:76:17-79
160-->[:FtcRobotController] AndroidManifest.xml:76:25-76
161                <action android:name="android.intent.action.QUICKBOOT_POWERON" />
161-->[:FtcRobotController] AndroidManifest.xml:77:17-82
161-->[:FtcRobotController] AndroidManifest.xml:77:25-79
162            </intent-filter>
163        </receiver>
164
165        <activity
165-->[org.firstinspires.ftc:Blocks:8.0.0] AndroidManifest.xml:19:9-23:20
166            android:name="org.firstinspires.ftc.ftccommon.internal.ProgramAndManageActivity"
166-->[org.firstinspires.ftc:Blocks:8.0.0] AndroidManifest.xml:20:13-93
167            android:configChanges="orientation|screenSize"
167-->[org.firstinspires.ftc:Blocks:8.0.0] AndroidManifest.xml:21:13-59
168            android:label="@string/program_and_manage_activity" >
168-->[org.firstinspires.ftc:Blocks:8.0.0] AndroidManifest.xml:22:13-64
169        </activity>
170        <activity
170-->[org.firstinspires.ftc:FtcCommon:8.0.0] AndroidManifest.xml:26:9-30:47
171            android:name="com.qualcomm.ftccommon.StackTraceActivity"
171-->[org.firstinspires.ftc:FtcCommon:8.0.0] AndroidManifest.xml:27:13-69
172            android:configChanges="orientation|screenSize"
172-->[org.firstinspires.ftc:FtcCommon:8.0.0] AndroidManifest.xml:28:13-59
173            android:exported="true"
173-->[org.firstinspires.ftc:FtcCommon:8.0.0] AndroidManifest.xml:29:13-36
174            android:launchMode="singleTask" />
174-->[org.firstinspires.ftc:FtcCommon:8.0.0] AndroidManifest.xml:30:13-44
175        <activity
175-->[org.firstinspires.ftc:FtcCommon:8.0.0] AndroidManifest.xml:31:9-35:20
176            android:name="com.qualcomm.ftccommon.FtcRobotControllerSettingsActivity"
176-->[org.firstinspires.ftc:FtcCommon:8.0.0] AndroidManifest.xml:32:13-85
177            android:exported="true"
177-->[org.firstinspires.ftc:FtcCommon:8.0.0] AndroidManifest.xml:33:13-36
178            android:label="@string/settings_activity" >
178-->[org.firstinspires.ftc:FtcCommon:8.0.0] AndroidManifest.xml:34:13-54
179        </activity>
180        <activity
180-->[org.firstinspires.ftc:FtcCommon:8.0.0] AndroidManifest.xml:36:9-41:20
181            android:name="com.qualcomm.ftccommon.configuration.FtcLoadFileActivity"
181-->[org.firstinspires.ftc:FtcCommon:8.0.0] AndroidManifest.xml:37:13-84
182            android:configChanges="orientation|screenSize"
182-->[org.firstinspires.ftc:FtcCommon:8.0.0] AndroidManifest.xml:38:13-59
183            android:exported="true"
183-->[org.firstinspires.ftc:FtcCommon:8.0.0] AndroidManifest.xml:39:13-36
184            android:label="@string/configure_activity" >
184-->[org.firstinspires.ftc:FtcCommon:8.0.0] AndroidManifest.xml:40:13-55
185        </activity>
186        <activity
186-->[org.firstinspires.ftc:FtcCommon:8.0.0] AndroidManifest.xml:42:9-47:20
187            android:name="com.qualcomm.ftccommon.configuration.ConfigureFromTemplateActivity"
187-->[org.firstinspires.ftc:FtcCommon:8.0.0] AndroidManifest.xml:43:13-94
188            android:configChanges="orientation|screenSize"
188-->[org.firstinspires.ftc:FtcCommon:8.0.0] AndroidManifest.xml:44:13-59
189            android:exported="true"
189-->[org.firstinspires.ftc:FtcCommon:8.0.0] AndroidManifest.xml:45:13-36
190            android:label="@string/title_activity_configfromtemplate" >
190-->[org.firstinspires.ftc:FtcCommon:8.0.0] AndroidManifest.xml:46:13-70
191        </activity>
192        <activity
192-->[org.firstinspires.ftc:FtcCommon:8.0.0] AndroidManifest.xml:48:9-53:20
193            android:name="com.qualcomm.ftccommon.ViewLogsActivity"
193-->[org.firstinspires.ftc:FtcCommon:8.0.0] AndroidManifest.xml:49:13-67
194            android:configChanges="orientation|screenSize"
194-->[org.firstinspires.ftc:FtcCommon:8.0.0] AndroidManifest.xml:50:13-59
195            android:exported="true"
195-->[org.firstinspires.ftc:FtcCommon:8.0.0] AndroidManifest.xml:51:13-36
196            android:label="@string/view_logs_activity" >
196-->[org.firstinspires.ftc:FtcCommon:8.0.0] AndroidManifest.xml:52:13-55
197        </activity>
198        <activity
198-->[org.firstinspires.ftc:FtcCommon:8.0.0] AndroidManifest.xml:54:9-58:20
199            android:name="com.qualcomm.ftccommon.configuration.FtcConfigurationActivity"
199-->[org.firstinspires.ftc:FtcCommon:8.0.0] AndroidManifest.xml:55:13-89
200            android:configChanges="orientation|screenSize"
200-->[org.firstinspires.ftc:FtcCommon:8.0.0] AndroidManifest.xml:56:13-59
201            android:label="@string/app_name" >
201-->[org.firstinspires.ftc:FtcCommon:8.0.0] AndroidManifest.xml:57:13-45
202        </activity>
203        <activity
203-->[org.firstinspires.ftc:FtcCommon:8.0.0] AndroidManifest.xml:59:9-63:20
204            android:name="com.qualcomm.ftccommon.configuration.FtcNewFileActivity"
204-->[org.firstinspires.ftc:FtcCommon:8.0.0] AndroidManifest.xml:60:13-83
205            android:configChanges="orientation|screenSize"
205-->[org.firstinspires.ftc:FtcCommon:8.0.0] AndroidManifest.xml:61:13-59
206            android:label="@string/app_name" >
206-->[org.firstinspires.ftc:FtcCommon:8.0.0] AndroidManifest.xml:62:13-45
207        </activity>
208        <activity
208-->[org.firstinspires.ftc:FtcCommon:8.0.0] AndroidManifest.xml:64:9-68:20
209            android:name="com.qualcomm.ftccommon.FtcAdvancedRCSettingsActivity"
209-->[org.firstinspires.ftc:FtcCommon:8.0.0] AndroidManifest.xml:65:13-80
210            android:exported="true"
210-->[org.firstinspires.ftc:FtcCommon:8.0.0] AndroidManifest.xml:66:13-36
211            android:label="@string/titleAdvancedRCSettings" >
211-->[org.firstinspires.ftc:FtcCommon:8.0.0] AndroidManifest.xml:67:13-60
212        </activity>
213        <activity
213-->[org.firstinspires.ftc:FtcCommon:8.0.0] AndroidManifest.xml:69:9-72:20
214            android:name="com.qualcomm.ftccommon.FtcLynxFirmwareUpdateActivity"
214-->[org.firstinspires.ftc:FtcCommon:8.0.0] AndroidManifest.xml:70:13-80
215            android:exported="true" >
215-->[org.firstinspires.ftc:FtcCommon:8.0.0] AndroidManifest.xml:71:13-36
216        </activity>
217        <activity
217-->[org.firstinspires.ftc:FtcCommon:8.0.0] AndroidManifest.xml:73:9-76:20
218            android:name="com.qualcomm.ftccommon.FtcLynxModuleAddressUpdateActivity"
218-->[org.firstinspires.ftc:FtcCommon:8.0.0] AndroidManifest.xml:74:13-85
219            android:exported="true" >
219-->[org.firstinspires.ftc:FtcCommon:8.0.0] AndroidManifest.xml:75:13-36
220        </activity>
221        <activity
221-->[org.firstinspires.ftc:FtcCommon:8.0.0] AndroidManifest.xml:77:9-81:20
222            android:name="com.qualcomm.ftccommon.FtcWifiDirectChannelSelectorActivity"
222-->[org.firstinspires.ftc:FtcCommon:8.0.0] AndroidManifest.xml:78:13-87
223            android:exported="true"
223-->[org.firstinspires.ftc:FtcCommon:8.0.0] AndroidManifest.xml:79:13-36
224            android:label="@string/title_activity_wifi_channel_selector" >
224-->[org.firstinspires.ftc:FtcCommon:8.0.0] AndroidManifest.xml:80:13-73
225        </activity>
226        <activity
226-->[org.firstinspires.ftc:FtcCommon:8.0.0] AndroidManifest.xml:82:9-86:20
227            android:name="com.qualcomm.ftccommon.FtcWifiDirectRememberedGroupsActivity"
227-->[org.firstinspires.ftc:FtcCommon:8.0.0] AndroidManifest.xml:83:13-88
228            android:exported="true"
228-->[org.firstinspires.ftc:FtcCommon:8.0.0] AndroidManifest.xml:84:13-36
229            android:label="@string/title_activity_wifi_remembered_groups_editor" >
229-->[org.firstinspires.ftc:FtcCommon:8.0.0] AndroidManifest.xml:85:13-81
230        </activity>
231        <activity
231-->[org.firstinspires.ftc:FtcCommon:8.0.0] AndroidManifest.xml:87:9-90:20
232            android:name="com.qualcomm.ftccommon.AboutActivity"
232-->[org.firstinspires.ftc:FtcCommon:8.0.0] AndroidManifest.xml:88:13-64
233            android:label="@string/about_activity" >
233-->[org.firstinspires.ftc:FtcCommon:8.0.0] AndroidManifest.xml:89:13-51
234        </activity>
235        <activity
235-->[org.firstinspires.ftc:FtcCommon:8.0.0] AndroidManifest.xml:91:9-94:20
236            android:name="com.qualcomm.ftccommon.FtcAboutActivity"
236-->[org.firstinspires.ftc:FtcCommon:8.0.0] AndroidManifest.xml:92:13-67
237            android:label="@string/ftc_about_activity" >
237-->[org.firstinspires.ftc:FtcCommon:8.0.0] AndroidManifest.xml:93:13-55
238        </activity>
239        <activity
239-->[org.firstinspires.ftc:FtcCommon:8.0.0] AndroidManifest.xml:95:9-100:20
240            android:name="com.qualcomm.ftccommon.configuration.EditSwapUsbDevices"
240-->[org.firstinspires.ftc:FtcCommon:8.0.0] AndroidManifest.xml:96:13-83
241            android:configChanges="orientation|screenSize"
241-->[org.firstinspires.ftc:FtcCommon:8.0.0] AndroidManifest.xml:97:13-59
242            android:label="@string/edit_swap_devices_activity"
242-->[org.firstinspires.ftc:FtcCommon:8.0.0] AndroidManifest.xml:98:13-63
243            android:windowSoftInputMode="stateHidden" >
243-->[org.firstinspires.ftc:FtcCommon:8.0.0] AndroidManifest.xml:99:13-54
244        </activity>
245        <activity
245-->[org.firstinspires.ftc:FtcCommon:8.0.0] AndroidManifest.xml:101:9-106:20
246            android:name="com.qualcomm.ftccommon.configuration.EditMotorListActivity"
246-->[org.firstinspires.ftc:FtcCommon:8.0.0] AndroidManifest.xml:102:13-86
247            android:configChanges="orientation|screenSize"
247-->[org.firstinspires.ftc:FtcCommon:8.0.0] AndroidManifest.xml:103:13-59
248            android:label="@string/edit_motor_controller_activity"
248-->[org.firstinspires.ftc:FtcCommon:8.0.0] AndroidManifest.xml:104:13-67
249            android:windowSoftInputMode="stateHidden" >
249-->[org.firstinspires.ftc:FtcCommon:8.0.0] AndroidManifest.xml:105:13-54
250        </activity>
251        <activity
251-->[org.firstinspires.ftc:FtcCommon:8.0.0] AndroidManifest.xml:107:9-112:20
252            android:name="com.qualcomm.ftccommon.configuration.EditServoListActivity"
252-->[org.firstinspires.ftc:FtcCommon:8.0.0] AndroidManifest.xml:108:13-86
253            android:configChanges="orientation|screenSize"
253-->[org.firstinspires.ftc:FtcCommon:8.0.0] AndroidManifest.xml:109:13-59
254            android:label="@string/edit_servo_controller_activity"
254-->[org.firstinspires.ftc:FtcCommon:8.0.0] AndroidManifest.xml:110:13-67
255            android:windowSoftInputMode="stateHidden|adjustResize" >
255-->[org.firstinspires.ftc:FtcCommon:8.0.0] AndroidManifest.xml:111:13-67
256        </activity>
257        <activity
257-->[org.firstinspires.ftc:FtcCommon:8.0.0] AndroidManifest.xml:113:9-118:20
258            android:name="com.qualcomm.ftccommon.configuration.EditLynxModuleActivity"
258-->[org.firstinspires.ftc:FtcCommon:8.0.0] AndroidManifest.xml:114:13-87
259            android:configChanges="orientation|screenSize"
259-->[org.firstinspires.ftc:FtcCommon:8.0.0] AndroidManifest.xml:115:13-59
260            android:label="@string/edit_lynx_module_controller_activity"
260-->[org.firstinspires.ftc:FtcCommon:8.0.0] AndroidManifest.xml:116:13-73
261            android:windowSoftInputMode="stateHidden|adjustResize" >
261-->[org.firstinspires.ftc:FtcCommon:8.0.0] AndroidManifest.xml:117:13-67
262        </activity>
263        <activity
263-->[org.firstinspires.ftc:FtcCommon:8.0.0] AndroidManifest.xml:119:9-124:20
264            android:name="com.qualcomm.ftccommon.configuration.EditLynxUsbDeviceActivity"
264-->[org.firstinspires.ftc:FtcCommon:8.0.0] AndroidManifest.xml:120:13-90
265            android:configChanges="orientation|screenSize"
265-->[org.firstinspires.ftc:FtcCommon:8.0.0] AndroidManifest.xml:121:13-59
266            android:label="@string/edit_lynx_usb_device_activity"
266-->[org.firstinspires.ftc:FtcCommon:8.0.0] AndroidManifest.xml:122:13-66
267            android:windowSoftInputMode="stateHidden|adjustResize" >
267-->[org.firstinspires.ftc:FtcCommon:8.0.0] AndroidManifest.xml:123:13-67
268        </activity>
269        <activity
269-->[org.firstinspires.ftc:FtcCommon:8.0.0] AndroidManifest.xml:125:9-130:20
270            android:name="com.qualcomm.ftccommon.configuration.EditWebcamActivity"
270-->[org.firstinspires.ftc:FtcCommon:8.0.0] AndroidManifest.xml:126:13-83
271            android:configChanges="orientation|screenSize"
271-->[org.firstinspires.ftc:FtcCommon:8.0.0] AndroidManifest.xml:127:13-59
272            android:label="@string/edit_webcam_activity"
272-->[org.firstinspires.ftc:FtcCommon:8.0.0] AndroidManifest.xml:128:13-57
273            android:windowSoftInputMode="stateHidden|adjustResize" >
273-->[org.firstinspires.ftc:FtcCommon:8.0.0] AndroidManifest.xml:129:13-67
274        </activity>
275        <activity
275-->[org.firstinspires.ftc:FtcCommon:8.0.0] AndroidManifest.xml:131:9-136:20
276            android:name="com.qualcomm.ftccommon.configuration.EditPWMDevicesActivity"
276-->[org.firstinspires.ftc:FtcCommon:8.0.0] AndroidManifest.xml:132:13-87
277            android:configChanges="orientation|screenSize"
277-->[org.firstinspires.ftc:FtcCommon:8.0.0] AndroidManifest.xml:133:13-59
278            android:label="@string/edit_pwm_devices_activity"
278-->[org.firstinspires.ftc:FtcCommon:8.0.0] AndroidManifest.xml:134:13-62
279            android:windowSoftInputMode="stateHidden|adjustResize" >
279-->[org.firstinspires.ftc:FtcCommon:8.0.0] AndroidManifest.xml:135:13-67
280        </activity>
281        <activity
281-->[org.firstinspires.ftc:FtcCommon:8.0.0] AndroidManifest.xml:137:9-142:20
282            android:name="com.qualcomm.ftccommon.configuration.EditAnalogInputDevicesActivity"
282-->[org.firstinspires.ftc:FtcCommon:8.0.0] AndroidManifest.xml:138:13-95
283            android:configChanges="orientation|screenSize"
283-->[org.firstinspires.ftc:FtcCommon:8.0.0] AndroidManifest.xml:139:13-59